<?xml version="1.0"?>
<project xsi:schemaLocation="http://maven.apache.org/POM/4.0.0 https://maven.apache.org/xsd/maven-4.0.0.xsd" xmlns="http://maven.apache.org/POM/4.0.0"
		 xmlns:xsi="http://www.w3.org/2001/XMLSchema-instance">
	<modelVersion>4.0.0</modelVersion>
	<groupId>org.acme</groupId>
	<artifactId>getting-started</artifactId>
	<version>1.0.0-SNAPSHOT</version>
	<properties>
		<compiler-plugin.version>3.8.1</compiler-plugin.version>
		<maven.compiler.parameters>true</maven.compiler.parameters>
		<maven.compiler.source>11</maven.compiler.source>
		<maven.compiler.target>11</maven.compiler.target>
		<project.build.sourceEncoding>UTF-8</project.build.sourceEncoding>
		<project.reporting.outputEncoding>UTF-8</project.reporting.outputEncoding>
		<quarkus-plugin.version>1.12.2.Final</quarkus-plugin.version>
		<quarkus.platform.artifact-id>quarkus-universe-bom</quarkus.platform.artifact-id>
		<quarkus.platform.group-id>io.quarkus</quarkus.platform.group-id>
		<quarkus.platform.version>1.12.2.Final</quarkus.platform.version>
		<surefire-plugin.version>3.0.0-M5</surefire-plugin.version>
	</properties>
	<dependencyManagement>
		<dependencies>
			<dependency>
				<groupId>${quarkus.platform.group-id}</groupId>
				<artifactId>${quarkus.platform.artifact-id}</artifactId>
				<version>${quarkus.platform.version}</version>
				<type>pom</type>
				<scope>import</scope>
			</dependency>
		</dependencies>
	</dependencyManagement>
	<dependencies>
		<dependency>
			<groupId>io.quarkus</groupId>
			<artifactId>quarkus-arc</artifactId>
		</dependency>
		<dependency>
			<groupId>io.quarkus</groupId>
			<artifactId>quarkus-resteasy</artifactId>
		</dependency>
		<dependency>
			<groupId>io.quarkus</groupId>
			<artifactId>quarkus-resteasy-jackson</artifactId>
		</dependency>
		<dependency>
			<groupId>io.quarkus</groupId>
			<artifactId>quarkus-junit5</artifactId>
			<scope>test</scope>
		</dependency>
		<dependency>
			<groupId>io.rest-assured</groupId>
			<artifactId>rest-assured</artifactId>
			<scope>test</scope>
		</dependency>
		<dependency>
			<groupId>io.transwarp.ockle</groupId>
			<artifactId>ockle-client</artifactId>
			<version>2.4.3.Native</version>
		</dependency>
		<dependency>
			<groupId>org.jetbrains.kotlin</groupId>
			<artifactId>kotlin-stdlib-jdk8</artifactId>
			<version>1.4.31</version>
		</dependency>
	</dependencies>
	<build>
		<plugins>
			<plugin>
				<groupId>com.xmbsmdsj</groupId>
				<artifactId>native-reflexy</artifactId>
				<version>1.0-SNAPSHOT</version>
				<executions>
					<execution>
						<phase>compile</phase>
						<goals>
							<goal>reflection</goal>
						</goals>

					</execution>
					<execution>
						<phase>prepare-package</phase>
						<goals>
							<goal>proxy</goal>
						</goals>
					</execution>
				</executions>
				<configuration>
					<reflectClasses>
						<param>com.fasterxml.jackson.core.filter.FilteringParserDelegate</param>
					</reflectClasses>
					<reflectPackages>
						<param>com.fasterxml.jackson.core.format</param>
					</reflectPackages>
					<proxyInterfaces>
						<param>com.xmbsmdsj.mock.MockProxy</param>
						<param>com.xmbsmdsj.mock.MockProxy,com.xmbsmdsj.mock.MockProxy2</param>
					</proxyInterfaces>
				</configuration>
			</plugin>
		</plugins>
	</build>
</project>